Arguments: 
  C:\Program Files\nodejs\node.exe C:\Users\akink\AppData\Roaming\npm\node_modules\yarn\bin\yarn.js add @aws-sdk/client-s3

PATH: 
  C:\Program Files (x86)\Common Files\Intel\Shared Libraries\redist\intel64\compiler;C:\WINDOWS\system32;C:\WINDOWS;C:\WINDOWS\System32\Wbem;C:\WINDOWS\System32\WindowsPowerShell\v1.0\;C:\WINDOWS\System32\OpenSSH\;C:\Program Files\nodejs\;C:\Program Files\Git\cmd;C:\Program Files\Go\bin;C:\Users\akink\AppData\Local\Programs\Python\Python311\Scripts\;C:\Users\akink\AppData\Local\Programs\Python\Python311\;C:\Users\akink\.cargo\bin;C:\Users\akink\AppData\Local\Microsoft\WindowsApps;;C:\Users\akink\AppData\Local\Programs\Microsoft VS Code\bin;C:\Users\akink\AppData\Roaming\npm;C:\Users\akink\go\bin;C:\Users\akink\AppData\Local\Programs\Hyper\resources\bin

Yarn version: 
  1.22.19

Node version: 
  18.14.0

Platform: 
  win32 x64

Trace: 
  Error: EPERM: operation not permitted, unlink 'C:\Users\akink\Projects\uploadfly\api\node_modules\prisma\engines\d9a4c5988f480fa576d43970d5a23641aa77bc9c\query_engine-windows.dll.node'

npm manifest: 
  {
    "name": "uploadfly",
    "version": "1.0.0",
    "description": "",
    "main": "index.js",
    "scripts": {
      "test": "echo \"Error: no test specified\" && exit 1",
      "start": "node dist/index.js",
      "dev": "nodemon index.ts",
      "build": "tsc -p ."
    },
    "keywords": [],
    "author": "",
    "license": "ISC",
    "devDependencies": {
      "@types/multer": "^1.4.7",
      "@types/node": "^18.15.3",
      "@types/uuid": "^9.0.1",
      "prisma": "^4.11.0",
      "ts-node": "^10.9.1",
      "typescript": "^5.0.2"
    },
    "dependencies": {
      "@prisma/client": "^4.14.1",
      "@types/connect": "^3.4.35",
      "@types/cookie-parser": "^1.4.3",
      "@types/cors": "^2.8.13",
      "@types/express": "^4.17.17",
      "@types/file-size": "^1.0.1",
      "@types/jsonwebtoken": "^9.0.2",
      "@types/randomstring": "^1.1.8",
      "aws-sdk": "^2.1386.0",
      "body-parser": "^1.20.2",
      "boring-name-generator": "^1.0.3",
      "connect": "^3.7.0",
      "cookie-parser": "^1.4.6",
      "cors": "^2.8.5",
      "crypto": "^1.0.1",
      "cryptr": "^6.2.0",
      "dayjs": "^1.11.7",
      "dotenv": "^16.0.3",
      "express": "^4.18.2",
      "file-size": "^1.0.0",
      "jsonwebtoken": "^9.0.0",
      "multer": "^1.4.5-lts.1",
      "nodemon": "^2.0.21",
      "randomstring": "^1.2.3",
      "uuid": "^9.0.0"
    }
  }

yarn manifest: 
  No manifest

Lockfile: 
  No lockfile
